2019-08-29 14:36 +08:00: Example app listening on port 3000! undefined
2019-08-29 14:36 +08:00: redis connect success
2019-08-29 14:36 +08:00: { '15529677930':
   WebSocket {
     _events:
      [Object: null prototype] { close: [Function], message: [Function: incoming] },
     _eventsCount: 2,
     _maxListeners: undefined,
     readyState: 1,
     protocol: '15529677930',
     _binaryType: 'nodebuffer',
     _closeFrameReceived: false,
     _closeFrameSent: false,
     _closeMessage: '',
     _closeTimer: null,
     _closeCode: 1006,
     _extensions: {},
     _receiver:
      Receiver {
        _writableState: [WritableState],
        writable: true,
        _events: [Object],
        _eventsCount: 6,
        _maxListeners: undefined,
        _binaryType: 'nodebuffer',
        _extensions: {},
        _maxPayload: 104857600,
        _bufferedBytes: 0,
        _buffers: [],
        _compressed: false,
        _payloadLength: 38,
        _mask: <Buffer e3 db 44 2b>,
        _fragmented: 0,
        _masked: true,
        _fin: true,
        _opcode: 1,
        _totalPayloadLength: 0,
        _messageLength: 0,
        _fragments: [],
        _state: 4,
        _loop: true,
        [Symbol(websocket)]: [Circular] },
     _sender:
      Sender {
        _extensions: {},
        _socket: [Socket],
        _firstFragment: true,
        _compress: false,
        _bufferedBytes: 0,
        _deflating: false,
        _queue: [] },
     _socket:
      Socket {
        connecting: false,
        _hadError: false,
        _handle: [TCP],
        _parent: null,
        _host: null,
        _readableState: [ReadableState],
        readable: true,
        _events: [Object],
        _eventsCount: 5,
        _maxListeners: undefined,
        _writableState: [WritableState],
        writable: true,
        allowHalfOpen: true,
        _sockname: null,
        _pendingData: null,
        _pendingEncoding: '',
        server: [Server],
        _server: [Server],
        timeout: 0,
        parser: null,
        on: [Function],
        _paused: false,
        [Symbol(asyncId)]: 59,
        [Symbol(lastWriteQueueSize)]: 0,
        [Symbol(timeout)]:
         Timeout {
           _called: false,
           _idleTimeout: -1,
           _idlePrev: null,
           _idleNext: null,
           _idleStart: 45986,
           _onTimeout: null,
           _timerArgs: undefined,
           _repeat: null,
           _destroyed: false,
           [Symbol(unrefed)]: true,
           [Symbol(asyncId)]: 62,
           [Symbol(triggerId)]: 59 },
        [Symbol(kBytesRead)]: 0,
        [Symbol(kBytesWritten)]: 0,
        [Symbol(websocket)]: [Circular] },
     _isServer: true } } 'factory'
2019-08-29 14:40 +08:00: { '15529677930':
   WebSocket {
     _events:
      [Object: null prototype] { close: [Function], message: [Function: incoming] },
     _eventsCount: 2,
     _maxListeners: undefined,
     readyState: 1,
     protocol: '15529677930',
     _binaryType: 'nodebuffer',
     _closeFrameReceived: false,
     _closeFrameSent: false,
     _closeMessage: '',
     _closeTimer: null,
     _closeCode: 1006,
     _extensions: {},
     _receiver:
      Receiver {
        _writableState: [WritableState],
        writable: true,
        _events: [Object],
        _eventsCount: 6,
        _maxListeners: undefined,
        _binaryType: 'nodebuffer',
        _extensions: {},
        _maxPayload: 104857600,
        _bufferedBytes: 0,
        _buffers: [],
        _compressed: false,
        _payloadLength: 38,
        _mask: <Buffer d4 b9 6c 5d>,
        _fragmented: 0,
        _masked: true,
        _fin: true,
        _opcode: 1,
        _totalPayloadLength: 0,
        _messageLength: 0,
        _fragments: [],
        _state: 0,
        _loop: false,
        [Symbol(websocket)]: [Circular] },
     _sender:
      Sender {
        _extensions: {},
        _socket: [Socket],
        _firstFragment: true,
        _compress: false,
        _bufferedBytes: 0,
        _deflating: false,
        _queue: [] },
     _socket:
      Socket {
        connecting: false,
        _hadError: false,
        _handle: [TCP],
        _parent: null,
        _host: null,
        _readableState: [ReadableState],
        readable: true,
        _events: [Object],
        _eventsCount: 5,
        _maxListeners: undefined,
        _writableState: [WritableState],
        writable: true,
        allowHalfOpen: true,
        _sockname: null,
        _pendingData: null,
        _pendingEncoding: '',
        server: [Server],
        _server: [Server],
        timeout: 0,
        parser: null,
        on: [Function],
        _paused: false,
        [Symbol(asyncId)]: 59,
        [Symbol(lastWriteQueueSize)]: 0,
        [Symbol(timeout)]:
         Timeout {
           _called: false,
           _idleTimeout: -1,
           _idlePrev: null,
           _idleNext: null,
           _idleStart: 45986,
           _onTimeout: null,
           _timerArgs: undefined,
           _repeat: null,
           _destroyed: false,
           [Symbol(unrefed)]: true,
           [Symbol(asyncId)]: 62,
           [Symbol(triggerId)]: 59 },
        [Symbol(kBytesRead)]: 0,
        [Symbol(kBytesWritten)]: 0,
        [Symbol(websocket)]: [Circular] },
     _isServer: true },
  '13333344444':
   WebSocket {
     _events:
      [Object: null prototype] { close: [Function], message: [Function: incoming] },
     _eventsCount: 2,
     _maxListeners: undefined,
     readyState: 1,
     protocol: '13333344444',
     _binaryType: 'nodebuffer',
     _closeFrameReceived: false,
     _closeFrameSent: false,
     _closeMessage: '',
     _closeTimer: null,
     _closeCode: 1006,
     _extensions: {},
     _receiver:
      Receiver {
        _writableState: [WritableState],
        writable: true,
        _events: [Object],
        _eventsCount: 6,
        _maxListeners: undefined,
        _binaryType: 'nodebuffer',
        _extensions: {},
        _maxPayload: 104857600,
        _bufferedBytes: 0,
        _buffers: [],
        _compressed: false,
        _payloadLength: 38,
        _mask: <Buffer ac 8a 74 71>,
        _fragmented: 0,
        _masked: true,
        _fin: true,
        _opcode: 1,
        _totalPayloadLength: 0,
        _messageLength: 0,
        _fragments: [],
        _state: 4,
        _loop: true,
        [Symbol(websocket)]: [Circular] },
     _sender:
      Sender {
        _extensions: {},
        _socket: [Socket],
        _firstFragment: true,
        _compress: false,
        _bufferedBytes: 0,
        _deflating: false,
        _queue: [] },
     _socket:
      Socket {
        connecting: false,
        _hadError: false,
        _handle: [TCP],
        _parent: null,
        _host: null,
        _readableState: [ReadableState],
        readable: true,
        _events: [Object],
        _eventsCount: 5,
        _maxListeners: undefined,
        _writableState: [WritableState],
        writable: true,
        allowHalfOpen: true,
        _sockname: null,
        _pendingData: null,
        _pendingEncoding: '',
        server: [Server],
        _server: [Server],
        timeout: 0,
        parser: null,
        on: [Function],
        _paused: false,
        [Symbol(asyncId)]: 202,
        [Symbol(lastWriteQueueSize)]: 0,
        [Symbol(timeout)]:
         Timeout {
           _called: false,
           _idleTimeout: -1,
           _idlePrev: null,
           _idleNext: null,
           _idleStart: 257469,
           _onTimeout: null,
           _timerArgs: undefined,
           _repeat: null,
           _destroyed: false,
           [Symbol(unrefed)]: true,
           [Symbol(asyncId)]: 205,
           [Symbol(triggerId)]: 202 },
        [Symbol(kBytesRead)]: 0,
        [Symbol(kBytesWritten)]: 0,
        [Symbol(websocket)]: [Circular] },
     _isServer: true } } 'factory'
